Determining if the pthread_create exist failed with the following output:
Change Dir: /home/robond/Desktop/Robotics_Project3/build/CMakeFiles/CMakeTmp

Run Build Command:"/usr/bin/make" "cmTC_1a16a/fast"
/usr/bin/make -f CMakeFiles/cmTC_1a16a.dir/build.make CMakeFiles/cmTC_1a16a.dir/build
make[1]: Entering directory '/home/robond/Desktop/Robotics_Project3/build/CMakeFiles/CMakeTmp'
Building C object CMakeFiles/cmTC_1a16a.dir/CheckSymbolExists.c.o
/usr/bin/cc     -o CMakeFiles/cmTC_1a16a.dir/CheckSymbolExists.c.o   -c /home/robond/Desktop/Robotics_Project3/build/CMakeFiles/CMakeTmp/CheckSymbolExists.c
Linking C executable cmTC_1a16a
/usr/bin/cmake -E cmake_link_script CMakeFiles/cmTC_1a16a.dir/link.txt --verbose=1
/usr/bin/cc       CMakeFiles/cmTC_1a16a.dir/CheckSymbolExists.c.o  -o cmTC_1a16a -rdynamic 
CMakeFiles/cmTC_1a16a.dir/CheckSymbolExists.c.o: In function `main':
CheckSymbolExists.c:(.text+0x16): undefined reference to `pthread_create'
collect2: error: ld returned 1 exit status
CMakeFiles/cmTC_1a16a.dir/build.make:97: recipe for target 'cmTC_1a16a' failed
make[1]: *** [cmTC_1a16a] Error 1
make[1]: Leaving directory '/home/robond/Desktop/Robotics_Project3/build/CMakeFiles/CMakeTmp'
Makefile:126: recipe for target 'cmTC_1a16a/fast' failed
make: *** [cmTC_1a16a/fast] Error 2

File /home/robond/Desktop/Robotics_Project3/build/CMakeFiles/CMakeTmp/CheckSymbolExists.c:
/* */
#include <pthread.h>

int main(int argc, char** argv)
{
  (void)argv;
#ifndef pthread_create
  return ((int*)(&pthread_create))[argc];
#else
  (void)argc;
  return 0;
#endif
}

Determining if the function pthread_create exists in the pthreads failed with the following output:
Change Dir: /home/robond/Desktop/Robotics_Project3/build/CMakeFiles/CMakeTmp

Run Build Command:"/usr/bin/make" "cmTC_40084/fast"
/usr/bin/make -f CMakeFiles/cmTC_40084.dir/build.make CMakeFiles/cmTC_40084.dir/build
make[1]: Entering directory '/home/robond/Desktop/Robotics_Project3/build/CMakeFiles/CMakeTmp'
Building C object CMakeFiles/cmTC_40084.dir/CheckFunctionExists.c.o
/usr/bin/cc    -DCHECK_FUNCTION_EXISTS=pthread_create   -o CMakeFiles/cmTC_40084.dir/CheckFunctionExists.c.o   -c /usr/share/cmake-3.5/Modules/CheckFunctionExists.c
Linking C executable cmTC_40084
/usr/bin/cmake -E cmake_link_script CMakeFiles/cmTC_40084.dir/link.txt --verbose=1
/usr/bin/cc   -DCHECK_FUNCTION_EXISTS=pthread_create    CMakeFiles/cmTC_40084.dir/CheckFunctionExists.c.o  -o cmTC_40084 -rdynamic -lpthreads 
/usr/bin/ld: cannot find -lpthreads
collect2: error: ld returned 1 exit status
CMakeFiles/cmTC_40084.dir/build.make:97: recipe for target 'cmTC_40084' failed
make[1]: *** [cmTC_40084] Error 1
make[1]: Leaving directory '/home/robond/Desktop/Robotics_Project3/build/CMakeFiles/CMakeTmp'
Makefile:126: recipe for target 'cmTC_40084/fast' failed
make: *** [cmTC_40084/fast] Error 2


